[bot.plugin] loaded 'regExpMessage' plugin
[bot.plugin] loaded 'shortReply' plugin
[bot.plugin] loaded 'askUser' plugin
[bot.plugin] loaded 'floodProtection' plugin
[bot.plugin] loaded 'regExpMessage' plugin
[bot.plugin] loaded 'shortReply' plugin
[bot.plugin] loaded 'askUser' plugin
[bot.plugin] loaded 'floodProtection' plugin
[bot.plugin] loaded 'regExpMessage' plugin
[bot.plugin] loaded 'shortReply' plugin
[bot.plugin] loaded 'askUser' plugin
[bot.plugin] loaded 'floodProtection' plugin
[bot.plugin] loaded 'regExpMessage' plugin
[bot.plugin] loaded 'shortReply' plugin
[bot.plugin] loaded 'askUser' plugin
[bot.plugin] loaded 'floodProtection' plugin
[20:30:12] [LOG]    [bot.info] bot started
[bot.plugin] loaded 'regExpMessage' plugin
[bot.plugin] loaded 'shortReply' plugin
[bot.plugin] loaded 'askUser' plugin
[bot.plugin] loaded 'floodProtection' plugin
[Function: kaikkiAsemat]
[20:30:38] [LOG]    [bot.info] bot started
[20:30:58] [LOG]    [text]  86734737: /asema
[20:30:58] [LOG]    [info]  Kysytty aseman koodia.
[20:31:00] [LOG]    [text]  86734737: 3
[20:31:00] [LOG]    [info]  Pyöräaseman tiedot lähetetty.
[bot.plugin] loaded 'regExpMessage' plugin
[bot.plugin] loaded 'shortReply' plugin
[bot.plugin] loaded 'askUser' plugin
[bot.plugin] loaded 'floodProtection' plugin
Promise { <pending> }
[20:31:25] [LOG]    [bot.info] bot started
[bot.plugin] loaded 'regExpMessage' plugin
[bot.plugin] loaded 'shortReply' plugin
[bot.plugin] loaded 'askUser' plugin
[bot.plugin] loaded 'floodProtection' plugin
[10:06:53] [LOG]    [bot.info] bot started
[10:06:54] [LOG]    [text]  81023943: /asema
[10:06:54] [LOG]    [info]  Kysytty aseman koodia.
[10:06:54] [LOG]    [location]  81023943
[10:06:54] [LOG]    [info]  Ei asemaia lähellä.
[bot.plugin] loaded 'regExpMessage' plugin
[bot.plugin] loaded 'shortReply' plugin
[bot.plugin] loaded 'askUser' plugin
[bot.plugin] loaded 'floodProtection' plugin
[10:02:22] [LOG]    [bot.info] bot started
[10:02:36] [LOG]    [text]  86734737: /asema kiasm
[10:02:36] [LOG]    [info]  Ei aseman koodia.
[10:02:36] [LOG]    object
[10:02:36] [LOG]    [ { id: '591', name: 'mellstenintie' },
  { id: '230', name: 'mäkitorpantie' },
  { id: '593', name: 'toppelundintie' },
  { id: '110', name: 'maistraatintori' },
  { id: '231', name: 'siltavoudintie' },
  { id: '111', name: 'esterinportti' },
  { id: '232', name: 'oulunkylän asema' },
  { id: '595', name: 'westendintie' },
  { id: '112', name: 'rautatieläisenkatu' },
  { id: '233', name: 'kirkkoherrantie' },
  { id: '596', name: 'toppelundinportti' },
  { id: '113', name: 'veturitori' },
  { id: '234', name: 'otto brandtin tie' },
  { id: '597', name: 'linnakepolku' },
  { id: '114', name: 'ratapihantie' },
  { id: '235', name: 'katariina saksilaisen katu' },
  { id: '115', name: 'venttiilikuja' },
  { id: '236', name: 'hernepellontie' },
  { id: '116', name: 'linnanmäki' },
  { id: '237', name: 'aulangontie' },
  { id: '117', name: 'brahen puistikko' },
  { id: '238', name: 'pihlajamäki' },
  { id: '118', name: 'fleminginkatu' },
  { id: '239', name: 'viikin tiedepuisto' },
  { id: '119', name: 'gebhardinaukio' },
  { id: '240', name: 'viikin normaalikoulu' },
  { id: '120', name: 'mäkelänkatu' },
  { id: '241', name: 'agronominkatu' },
  { id: '121', name: 'vilhonvuorenkatu' },
  { id: '242', name: 'von daehnin katu' },
  { id: '001', name: 'kaivopuisto' },
  { id: '122', name: 'lintulahdenkatu' },
  { id: '243', name: 'mustikkamaa' },
  { id: '002', name: 'laivasillankatu' },
  { id: '123', name: 'näkinsilta' },
  { id: '244', name: 'relanderinaukio' },
  { id: '003', name: 'kapteeninpuistikko' },
  { id: '124', name: 'isoisänsilta' },
  { id: '245', name: 'kulosaaren metroasema' },
  { id: '004', name: 'viiskulma' },
  { id: '125', name: 'arielinkatu' },
  { id: '246', name: 'tupasaarentie' },
  { id: '005', name: 'sepänkatu' },
  { id: '126', name: 'kalasataman metroasema' },
  { id: '247', name: 'haakoninlahdenkatu' },
  { id: '006', name: 'hietalahdentori' },
  { id: '127', name: 'teurastamo' },
  { id: '248', name: 'gunillantie' },
  { id: '007', name: 'designmuseo' },
  { id: '128', name: 'päijänteentie' },
  { id: '249', name: 'isosaarentie' },
  { id: '008', name: 'vanha kirkkopuisto' },
  { id: '129', name: 'pernajantie' },
  { id: '009', name: 'erottajan aukio' },
  { id: '250', name: 'reiherintie' },
  { id: '130', name: 'teollisuuskatu' },
  { id: '251', name: 'laajasalon ostoskeskus' },
  { id: '010', name: 'kasarmitori' },
  { id: '131', name: 'elimäenkatu' },
  { id: '252', name: 'humalniementie' },
  { id: '011', name: 'unioninkatu' },
  { id: '132', name: 'hollolantie' },
  { id: '253', name: 'tammisalon aukio' },
  { id: '012', name: 'kanavaranta' },
  { id: '133', name: 'paavalinpuisto' },
  { id: '254', name: 'agnetankuja' },
  { id: '013', name: 'merisotilaantori' },
  { id: '134', name: 'haukilahdenkatu' },
  { id: '255', name: 'laivalahden puistotie' },
  { id: '014', name: 'senaatintori' },
  { id: '135', name: 'velodrominrinne' },
  { id: '256', name: 'herttoniemen ranta' },
  { id: '015', name: 'ritarikatu' },
  { id: '136', name: 'sofianlehdonkatu' },
  { id: '257', name: 'margareetankuja' },
  { id: '016', name: 'liisanpuistikko' },
  { id: '137', name: 'arabian kauppakeskus' },
  { id: '258', name: 'abraham wetterin tie' },
  { id: '017', name: 'varsapuistikko' },
  { id: '138', name: 'arabiankatu' },
  { id: '259', name: 'petter wetterin tie' },
  { id: '018', name: 'porthania' },
  { id: '139', name: 'kaironkatu' },
  { id: '019', name: 'rautatientori / itä' },
  { id: '260', name: 'herttoniemen metroasema' },
  { id: '140', name: 'verkatehtaanpuisto' },
  { id: '261', name: 'asentajanpuisto' },
  { id: '020', name: 'kaisaniemenpuisto' },
  { id: '141', name: 'intiankatu' },
  { id: '262', name: 'siilitien metroasema' },
  { id: '021', name: 'töölönlahdenkatu' },
  { id: '142', name: 'koskelantie' },
  { id: '263', name: 'herttoniemen kirkko' },
  { id: '022', name: 'rautatientori / länsi' },
  { id: '143', name: 'kuikkarinne' },
  { id: '264', name: 'eränkävijäntori' },
  { id: '023', name: 'kiasma' },
  { id: '144', name: 'käpyläntie' },
  { id: '265', name: 'siilitie 9' },
  { id: '024', name: 'mannerheimintie' },
  ... 245 more items ]
[10:02:36] [LOG]    sisaltyy kiasma 023

[10:02:42] [LOG]    MIKS
[10:02:42] [LOG]    [text]  86734737: /asema r
[10:02:42] [LOG]    [info]  Ei aseman koodia.
[10:02:42] [LOG]    [info]  Pyöräasemaa ei löydy.
[10:02:43] [LOG]    sisaltyy mäkitorpantie 230
,maistraatintori 110
,esterinportti 111
,rautatieläisenkatu 112
,kirkkoherrantie 233
,toppelundinportti 596
,veturitori 113
,otto brandtin tie 234

[10:02:50] [LOG]    MIKS
[10:02:50] [LOG]    [text]  86734737: 233
[10:02:50] [LOG]    [info]  Pyöräaseman tiedot lähetetty.
[10:03:03] [LOG]    [text]  86734737: /asema m
[10:03:03] [LOG]    [info]  Ei aseman koodia.
[10:03:04] [LOG]    sisaltyy mellstenintie 591
,mäkitorpantie 230
,maistraatintori 110
,oulunkylän asema 232
,linnanmäki 116
,pihlajamäki 238
,fleminginkatu 118
,viikin normaalikoulu 240

[10:03:07] [LOG]    MIKS
[10:03:07] [LOG]    [text]  86734737: 591
[10:03:08] [LOG]    [info]  Pyöräaseman tiedot lähetetty.
